<?xml version="1.0" encoding="UTF-8"?>
<!-- Generated by org.testng.reporters.JUnitReportReporter -->
<testsuite hostname="MASARNIA" failures="0" tests="1" name="com.piotrek.training.testng.SampleSeleniumTest" time="1.273" errors="0" timestamp="19 Jul 2021 22:00:50 GMT" skipped="0">
  <testcase classname="com.piotrek.training.testng.SampleSeleniumTest" name="validateGoogleId" time="1.273"/>
</testsuite> <!-- com.piotrek.training.testng.SampleSeleniumTest -->
