<?xml version="1.0" encoding="UTF-8"?>
<!-- Generated by org.testng.reporters.JUnitReportReporter -->
<testsuite hostname="MASARNIA" failures="0" tests="2" name="com.piotrek.training.jenkins.JenkinsCalcTest" time="0.030" errors="0" timestamp="19 Jul 2021 22:00:50 GMT" skipped="0">
  <testcase classname="com.piotrek.training.jenkins.JenkinsCalcTest" name="subtractTest" time="0.015"/>
  <testcase classname="com.piotrek.training.jenkins.JenkinsCalcTest" name="addTest" time="0.015"/>
</testsuite> <!-- com.piotrek.training.jenkins.JenkinsCalcTest -->
